\BOOKMARK [1][-]{section.1}{CS Amplifier}{}% 1
\BOOKMARK [2][-]{subsection.1.1}{Selecting ID}{section.1}% 2
\BOOKMARK [2][-]{subsection.1.2}{Choosing the length}{section.1}% 3
\BOOKMARK [2][-]{subsection.1.3}{Scaling the width}{section.1}% 4
\BOOKMARK [2][-]{subsection.1.4}{Output and input swing}{section.1}% 5
\BOOKMARK [3][-]{subsubsection.1.4.1}{Output Swing}{subsection.1.4}% 6
\BOOKMARK [3][-]{subsubsection.1.4.2}{Input Swing}{subsection.1.4}% 7
\BOOKMARK [2][-]{subsection.1.5}{AC analysis}{section.1}% 8
\BOOKMARK [2][-]{subsection.1.6}{Discussions}{section.1}% 9
\BOOKMARK [1][-]{section.2}{CS Amplifier with High ft}{}% 10
\BOOKMARK [2][-]{subsection.2.1}{Selecting the width}{section.2}% 11
\BOOKMARK [2][-]{subsection.2.2}{Choosing the length and V*}{section.2}% 12
\BOOKMARK [3][-]{subsubsection.2.2.1}{ao vs V*}{subsection.2.2}% 13
\BOOKMARK [3][-]{subsubsection.2.2.2}{ft vs V*}{subsection.2.2}% 14
\BOOKMARK [2][-]{subsection.2.3}{Obtaining gm and fu}{section.2}% 15
\BOOKMARK [2][-]{subsection.2.4}{AC analysis}{section.2}% 16
\BOOKMARK [2][-]{subsection.2.5}{Output and input swing}{section.2}% 17
\BOOKMARK [3][-]{subsubsection.2.5.1}{Output Swing}{subsection.2.5}% 18
\BOOKMARK [3][-]{subsubsection.2.5.2}{Input Swing}{subsection.2.5}% 19
\BOOKMARK [2][-]{subsection.2.6}{Discussions}{section.2}% 20
